

 LOG file opened at 06/25/20 12:18:34

Total Number of Files=1

Data File: tabla_pago_ext.csv

Log File: tabla_pago_ext.log



 LOG file opened at 06/25/20 12:18:34

Bad File: tabla_pago_ext_bad.log

Field Definitions for table TABLA_PAGO_EXT
  Record format DELIMITED BY NEWLINE
  Data in file has same endianness as the platform
  Rows with all null fields are accepted

  Fields in Data Source: 

    CARGA_MINIMA                    CHAR (255)
      Terminated by "#"
      Trim whitespace from left and right
    CARGA_MAXIMA                    CHAR (255)
      Terminated by "#"
      Trim whitespace from left and right
    CANTIDAD                        CHAR (255)
      Terminated by "#"
      Trim whitespace from left and right


 LOG file opened at 06/25/20 12:18:34

Total Number of Files=1

Data File: tabla_pago_ext.csv

Log File: tabla_pago_ext.log



 LOG file opened at 06/25/20 12:18:34

Bad File: tabla_pago_ext_bad.log

Field Definitions for table TABLA_PAGO_EXT
  Record format DELIMITED BY NEWLINE
  Data in file has same endianness as the platform
  Rows with all null fields are accepted

  Fields in Data Source: 

    CARGA_MINIMA                    CHAR (255)
      Terminated by "#"
      Trim whitespace from left and right
    CARGA_MAXIMA                    CHAR (255)
      Terminated by "#"
      Trim whitespace from left and right
    CANTIDAD                        CHAR (255)
      Terminated by "#"
      Trim whitespace from left and right


 LOG file opened at 06/25/20 12:18:42

Total Number of Files=1

Data File: tabla_pago_ext.csv

Log File: tabla_pago_ext.log



 LOG file opened at 06/25/20 12:18:42

Bad File: tabla_pago_ext_bad.log

Field Definitions for table TABLA_PAGO_EXT
  Record format DELIMITED BY NEWLINE
  Data in file has same endianness as the platform
  Rows with all null fields are accepted

  Fields in Data Source: 

    CARGA_MINIMA                    CHAR (255)
      Terminated by "#"
      Trim whitespace from left and right
    CARGA_MAXIMA                    CHAR (255)
      Terminated by "#"
      Trim whitespace from left and right
    CANTIDAD                        CHAR (255)
      Terminated by "#"
      Trim whitespace from left and right


 LOG file opened at 06/25/20 12:18:42

Total Number of Files=1

Data File: tabla_pago_ext.csv

Log File: tabla_pago_ext.log



 LOG file opened at 06/25/20 12:18:42

Bad File: tabla_pago_ext_bad.log

Field Definitions for table TABLA_PAGO_EXT
  Record format DELIMITED BY NEWLINE
  Data in file has same endianness as the platform
  Rows with all null fields are accepted

  Fields in Data Source: 

    CARGA_MINIMA                    CHAR (255)
      Terminated by "#"
      Trim whitespace from left and right
    CARGA_MAXIMA                    CHAR (255)
      Terminated by "#"
      Trim whitespace from left and right
    CANTIDAD                        CHAR (255)
      Terminated by "#"
      Trim whitespace from left and right


 LOG file opened at 06/25/20 12:21:15

Total Number of Files=1

Data File: tabla_pago_ext.csv

Log File: tabla_pago_ext.log



 LOG file opened at 06/25/20 12:21:15

Bad File: tabla_pago_ext_bad.log

Field Definitions for table TABLA_PAGO_EXT
  Record format DELIMITED BY NEWLINE
  Data in file has same endianness as the platform
  Rows with all null fields are accepted

  Fields in Data Source: 

    CARGA_MINIMA                    CHAR (255)
      Terminated by "#"
      Trim whitespace from left and right
    CARGA_MAXIMA                    CHAR (255)
      Terminated by "#"
      Trim whitespace from left and right
    CANTIDAD                        CHAR (255)
      Terminated by "#"
      Trim whitespace from left and right


 LOG file opened at 06/25/20 12:21:15

Total Number of Files=1

Data File: tabla_pago_ext.csv

Log File: tabla_pago_ext.log



 LOG file opened at 06/25/20 12:21:15

Bad File: tabla_pago_ext_bad.log

Field Definitions for table TABLA_PAGO_EXT
  Record format DELIMITED BY NEWLINE
  Data in file has same endianness as the platform
  Rows with all null fields are accepted

  Fields in Data Source: 

    CARGA_MINIMA                    CHAR (255)
      Terminated by "#"
      Trim whitespace from left and right
    CARGA_MAXIMA                    CHAR (255)
      Terminated by "#"
      Trim whitespace from left and right
    CANTIDAD                        CHAR (255)
      Terminated by "#"
      Trim whitespace from left and right


 LOG file opened at 06/25/20 12:21:23

Total Number of Files=1

Data File: tabla_pago_ext.csv

Log File: tabla_pago_ext.log



 LOG file opened at 06/25/20 12:21:23

Bad File: tabla_pago_ext_bad.log

Field Definitions for table TABLA_PAGO_EXT
  Record format DELIMITED BY NEWLINE
  Data in file has same endianness as the platform
  Rows with all null fields are accepted

  Fields in Data Source: 

    CARGA_MINIMA                    CHAR (255)
      Terminated by "#"
      Trim whitespace from left and right
    CARGA_MAXIMA                    CHAR (255)
      Terminated by "#"
      Trim whitespace from left and right
    CANTIDAD                        CHAR (255)
      Terminated by "#"
      Trim whitespace from left and right


 LOG file opened at 06/25/20 12:21:23

Total Number of Files=1

Data File: tabla_pago_ext.csv

Log File: tabla_pago_ext.log



 LOG file opened at 06/25/20 12:21:23

Bad File: tabla_pago_ext_bad.log

Field Definitions for table TABLA_PAGO_EXT
  Record format DELIMITED BY NEWLINE
  Data in file has same endianness as the platform
  Rows with all null fields are accepted

  Fields in Data Source: 

    CARGA_MINIMA                    CHAR (255)
      Terminated by "#"
      Trim whitespace from left and right
    CARGA_MAXIMA                    CHAR (255)
      Terminated by "#"
      Trim whitespace from left and right
    CANTIDAD                        CHAR (255)
      Terminated by "#"
      Trim whitespace from left and right


 LOG file opened at 06/25/20 12:22:49

Total Number of Files=1

Data File: tabla_pago_ext.csv

Log File: tabla_pago_ext.log



 LOG file opened at 06/25/20 12:22:49

Bad File: tabla_pago_ext_bad.log

Field Definitions for table TABLA_PAGO_EXT
  Record format DELIMITED BY NEWLINE
  Data in file has same endianness as the platform
  Rows with all null fields are accepted

  Fields in Data Source: 

    CARGA_MINIMA                    CHAR (255)
      Terminated by "#"
      Trim whitespace from left and right
    CARGA_MAXIMA                    CHAR (255)
      Terminated by "#"
      Trim whitespace from left and right
    CANTIDAD                        CHAR (255)
      Terminated by "#"
      Trim whitespace from left and right


 LOG file opened at 06/25/20 12:22:49

Total Number of Files=1

Data File: tabla_pago_ext.csv

Log File: tabla_pago_ext.log



 LOG file opened at 06/25/20 12:22:49

Bad File: tabla_pago_ext_bad.log

Field Definitions for table TABLA_PAGO_EXT
  Record format DELIMITED BY NEWLINE
  Data in file has same endianness as the platform
  Rows with all null fields are accepted

  Fields in Data Source: 

    CARGA_MINIMA                    CHAR (255)
      Terminated by "#"
      Trim whitespace from left and right
    CARGA_MAXIMA                    CHAR (255)
      Terminated by "#"
      Trim whitespace from left and right
    CANTIDAD                        CHAR (255)
      Terminated by "#"
      Trim whitespace from left and right


 LOG file opened at 06/25/20 12:22:57

Total Number of Files=1

Data File: tabla_pago_ext.csv

Log File: tabla_pago_ext.log



 LOG file opened at 06/25/20 12:22:57

Bad File: tabla_pago_ext_bad.log

Field Definitions for table TABLA_PAGO_EXT
  Record format DELIMITED BY NEWLINE
  Data in file has same endianness as the platform
  Rows with all null fields are accepted

  Fields in Data Source: 

    CARGA_MINIMA                    CHAR (255)
      Terminated by "#"
      Trim whitespace from left and right
    CARGA_MAXIMA                    CHAR (255)
      Terminated by "#"
      Trim whitespace from left and right
    CANTIDAD                        CHAR (255)
      Terminated by "#"
      Trim whitespace from left and right


 LOG file opened at 06/25/20 12:22:57

Total Number of Files=1

Data File: tabla_pago_ext.csv

Log File: tabla_pago_ext.log



 LOG file opened at 06/25/20 12:22:57

Bad File: tabla_pago_ext_bad.log

Field Definitions for table TABLA_PAGO_EXT
  Record format DELIMITED BY NEWLINE
  Data in file has same endianness as the platform
  Rows with all null fields are accepted

  Fields in Data Source: 

    CARGA_MINIMA                    CHAR (255)
      Terminated by "#"
      Trim whitespace from left and right
    CARGA_MAXIMA                    CHAR (255)
      Terminated by "#"
      Trim whitespace from left and right
    CANTIDAD                        CHAR (255)
      Terminated by "#"
      Trim whitespace from left and right


 LOG file opened at 06/25/20 12:30:36

Total Number of Files=1

Data File: tabla_pago_ext.csv

Log File: tabla_pago_ext.log



 LOG file opened at 06/25/20 12:30:36

Bad File: tabla_pago_ext_bad.log

Field Definitions for table TABLA_PAGO_EXT
  Record format DELIMITED BY NEWLINE
  Data in file has same endianness as the platform
  Rows with all null fields are accepted

  Fields in Data Source: 

    CARGA_MINIMA                    CHAR (255)
      Terminated by "#"
      Trim whitespace from left and right
    CARGA_MAXIMA                    CHAR (255)
      Terminated by "#"
      Trim whitespace from left and right
    CANTIDAD                        CHAR (255)
      Terminated by "#"
      Trim whitespace from left and right


 LOG file opened at 06/25/20 12:30:36

Total Number of Files=1

Data File: tabla_pago_ext.csv

Log File: tabla_pago_ext.log



 LOG file opened at 06/25/20 12:30:36

Bad File: tabla_pago_ext_bad.log

Field Definitions for table TABLA_PAGO_EXT
  Record format DELIMITED BY NEWLINE
  Data in file has same endianness as the platform
  Rows with all null fields are accepted

  Fields in Data Source: 

    CARGA_MINIMA                    CHAR (255)
      Terminated by "#"
      Trim whitespace from left and right
    CARGA_MAXIMA                    CHAR (255)
      Terminated by "#"
      Trim whitespace from left and right
    CANTIDAD                        CHAR (255)
      Terminated by "#"
      Trim whitespace from left and right


 LOG file opened at 06/25/20 12:30:44

Total Number of Files=1

Data File: tabla_pago_ext.csv

Log File: tabla_pago_ext.log



 LOG file opened at 06/25/20 12:30:44

Bad File: tabla_pago_ext_bad.log

Field Definitions for table TABLA_PAGO_EXT
  Record format DELIMITED BY NEWLINE
  Data in file has same endianness as the platform
  Rows with all null fields are accepted

  Fields in Data Source: 

    CARGA_MINIMA                    CHAR (255)
      Terminated by "#"
      Trim whitespace from left and right
    CARGA_MAXIMA                    CHAR (255)
      Terminated by "#"
      Trim whitespace from left and right
    CANTIDAD                        CHAR (255)
      Terminated by "#"
      Trim whitespace from left and right


 LOG file opened at 06/25/20 12:30:44

Total Number of Files=1

Data File: tabla_pago_ext.csv

Log File: tabla_pago_ext.log



 LOG file opened at 06/25/20 12:30:44

Bad File: tabla_pago_ext_bad.log

Field Definitions for table TABLA_PAGO_EXT
  Record format DELIMITED BY NEWLINE
  Data in file has same endianness as the platform
  Rows with all null fields are accepted

  Fields in Data Source: 

    CARGA_MINIMA                    CHAR (255)
      Terminated by "#"
      Trim whitespace from left and right
    CARGA_MAXIMA                    CHAR (255)
      Terminated by "#"
      Trim whitespace from left and right
    CANTIDAD                        CHAR (255)
      Terminated by "#"
      Trim whitespace from left and right


 LOG file opened at 06/25/20 12:31:38

Total Number of Files=1

Data File: tabla_pago_ext.csv

Log File: tabla_pago_ext.log



 LOG file opened at 06/25/20 12:31:38

Bad File: tabla_pago_ext_bad.log

Field Definitions for table TABLA_PAGO_EXT
  Record format DELIMITED BY NEWLINE
  Data in file has same endianness as the platform
  Rows with all null fields are accepted

  Fields in Data Source: 

    CARGA_MINIMA                    CHAR (255)
      Terminated by "#"
      Trim whitespace from left and right
    CARGA_MAXIMA                    CHAR (255)
      Terminated by "#"
      Trim whitespace from left and right
    CANTIDAD                        CHAR (255)
      Terminated by "#"
      Trim whitespace from left and right


 LOG file opened at 06/25/20 12:31:38

Total Number of Files=1

Data File: tabla_pago_ext.csv

Log File: tabla_pago_ext.log



 LOG file opened at 06/25/20 12:31:38

Bad File: tabla_pago_ext_bad.log

Field Definitions for table TABLA_PAGO_EXT
  Record format DELIMITED BY NEWLINE
  Data in file has same endianness as the platform
  Rows with all null fields are accepted

  Fields in Data Source: 

    CARGA_MINIMA                    CHAR (255)
      Terminated by "#"
      Trim whitespace from left and right
    CARGA_MAXIMA                    CHAR (255)
      Terminated by "#"
      Trim whitespace from left and right
    CANTIDAD                        CHAR (255)
      Terminated by "#"
      Trim whitespace from left and right


 LOG file opened at 06/25/20 12:31:45

Total Number of Files=1

Data File: tabla_pago_ext.csv

Log File: tabla_pago_ext.log



 LOG file opened at 06/25/20 12:31:45

Bad File: tabla_pago_ext_bad.log

Field Definitions for table TABLA_PAGO_EXT
  Record format DELIMITED BY NEWLINE
  Data in file has same endianness as the platform
  Rows with all null fields are accepted

  Fields in Data Source: 

    CARGA_MINIMA                    CHAR (255)
      Terminated by "#"
      Trim whitespace from left and right
    CARGA_MAXIMA                    CHAR (255)
      Terminated by "#"
      Trim whitespace from left and right
    CANTIDAD                        CHAR (255)
      Terminated by "#"
      Trim whitespace from left and right


 LOG file opened at 06/25/20 12:31:45

Total Number of Files=1

Data File: tabla_pago_ext.csv

Log File: tabla_pago_ext.log



 LOG file opened at 06/25/20 12:31:45

Bad File: tabla_pago_ext_bad.log

Field Definitions for table TABLA_PAGO_EXT
  Record format DELIMITED BY NEWLINE
  Data in file has same endianness as the platform
  Rows with all null fields are accepted

  Fields in Data Source: 

    CARGA_MINIMA                    CHAR (255)
      Terminated by "#"
      Trim whitespace from left and right
    CARGA_MAXIMA                    CHAR (255)
      Terminated by "#"
      Trim whitespace from left and right
    CANTIDAD                        CHAR (255)
      Terminated by "#"
      Trim whitespace from left and right


 LOG file opened at 06/25/20 12:33:46

Total Number of Files=1

Data File: tabla_pago_ext.csv

Log File: tabla_pago_ext.log



 LOG file opened at 06/25/20 12:33:46

Bad File: tabla_pago_ext_bad.log

Field Definitions for table TABLA_PAGO_EXT
  Record format DELIMITED BY NEWLINE
  Data in file has same endianness as the platform
  Rows with all null fields are accepted

  Fields in Data Source: 

    CARGA_MINIMA                    CHAR (255)
      Terminated by "#"
      Trim whitespace from left and right
    CARGA_MAXIMA                    CHAR (255)
      Terminated by "#"
      Trim whitespace from left and right
    CANTIDAD                        CHAR (255)
      Terminated by "#"
      Trim whitespace from left and right


 LOG file opened at 06/25/20 12:33:47

Total Number of Files=1

Data File: tabla_pago_ext.csv

Log File: tabla_pago_ext.log



 LOG file opened at 06/25/20 12:33:47

Bad File: tabla_pago_ext_bad.log

Field Definitions for table TABLA_PAGO_EXT
  Record format DELIMITED BY NEWLINE
  Data in file has same endianness as the platform
  Rows with all null fields are accepted

  Fields in Data Source: 

    CARGA_MINIMA                    CHAR (255)
      Terminated by "#"
      Trim whitespace from left and right
    CARGA_MAXIMA                    CHAR (255)
      Terminated by "#"
      Trim whitespace from left and right
    CANTIDAD                        CHAR (255)
      Terminated by "#"
      Trim whitespace from left and right


 LOG file opened at 06/25/20 12:33:53

Total Number of Files=1

Data File: tabla_pago_ext.csv

Log File: tabla_pago_ext.log



 LOG file opened at 06/25/20 12:33:53

Bad File: tabla_pago_ext_bad.log

Field Definitions for table TABLA_PAGO_EXT
  Record format DELIMITED BY NEWLINE
  Data in file has same endianness as the platform
  Rows with all null fields are accepted

  Fields in Data Source: 

    CARGA_MINIMA                    CHAR (255)
      Terminated by "#"
      Trim whitespace from left and right
    CARGA_MAXIMA                    CHAR (255)
      Terminated by "#"
      Trim whitespace from left and right
    CANTIDAD                        CHAR (255)
      Terminated by "#"
      Trim whitespace from left and right


 LOG file opened at 06/25/20 12:33:53

Total Number of Files=1

Data File: tabla_pago_ext.csv

Log File: tabla_pago_ext.log



 LOG file opened at 06/25/20 12:33:53

Bad File: tabla_pago_ext_bad.log

Field Definitions for table TABLA_PAGO_EXT
  Record format DELIMITED BY NEWLINE
  Data in file has same endianness as the platform
  Rows with all null fields are accepted

  Fields in Data Source: 

    CARGA_MINIMA                    CHAR (255)
      Terminated by "#"
      Trim whitespace from left and right
    CARGA_MAXIMA                    CHAR (255)
      Terminated by "#"
      Trim whitespace from left and right
    CANTIDAD                        CHAR (255)
      Terminated by "#"
      Trim whitespace from left and right


 LOG file opened at 06/25/20 12:36:57

Total Number of Files=1

Data File: tabla_pago_ext.csv

Log File: tabla_pago_ext.log



 LOG file opened at 06/25/20 12:36:57

Bad File: tabla_pago_ext_bad.log

Field Definitions for table TABLA_PAGO_EXT
  Record format DELIMITED BY NEWLINE
  Data in file has same endianness as the platform
  Rows with all null fields are accepted

  Fields in Data Source: 

    CARGA_MINIMA                    CHAR (255)
      Terminated by "#"
      Trim whitespace from left and right
    CARGA_MAXIMA                    CHAR (255)
      Terminated by "#"
      Trim whitespace from left and right
    CANTIDAD                        CHAR (255)
      Terminated by "#"
      Trim whitespace from left and right


 LOG file opened at 06/25/20 12:36:57

Total Number of Files=1

Data File: tabla_pago_ext.csv

Log File: tabla_pago_ext.log



 LOG file opened at 06/25/20 12:36:57

Bad File: tabla_pago_ext_bad.log

Field Definitions for table TABLA_PAGO_EXT
  Record format DELIMITED BY NEWLINE
  Data in file has same endianness as the platform
  Rows with all null fields are accepted

  Fields in Data Source: 

    CARGA_MINIMA                    CHAR (255)
      Terminated by "#"
      Trim whitespace from left and right
    CARGA_MAXIMA                    CHAR (255)
      Terminated by "#"
      Trim whitespace from left and right
    CANTIDAD                        CHAR (255)
      Terminated by "#"
      Trim whitespace from left and right


 LOG file opened at 06/25/20 12:37:04

Total Number of Files=1

Data File: tabla_pago_ext.csv

Log File: tabla_pago_ext.log



 LOG file opened at 06/25/20 12:37:04

Bad File: tabla_pago_ext_bad.log

Field Definitions for table TABLA_PAGO_EXT
  Record format DELIMITED BY NEWLINE
  Data in file has same endianness as the platform
  Rows with all null fields are accepted

  Fields in Data Source: 

    CARGA_MINIMA                    CHAR (255)
      Terminated by "#"
      Trim whitespace from left and right
    CARGA_MAXIMA                    CHAR (255)
      Terminated by "#"
      Trim whitespace from left and right
    CANTIDAD                        CHAR (255)
      Terminated by "#"
      Trim whitespace from left and right


 LOG file opened at 06/25/20 12:37:04

Total Number of Files=1

Data File: tabla_pago_ext.csv

Log File: tabla_pago_ext.log



 LOG file opened at 06/25/20 12:37:04

Bad File: tabla_pago_ext_bad.log

Field Definitions for table TABLA_PAGO_EXT
  Record format DELIMITED BY NEWLINE
  Data in file has same endianness as the platform
  Rows with all null fields are accepted

  Fields in Data Source: 

    CARGA_MINIMA                    CHAR (255)
      Terminated by "#"
      Trim whitespace from left and right
    CARGA_MAXIMA                    CHAR (255)
      Terminated by "#"
      Trim whitespace from left and right
    CANTIDAD                        CHAR (255)
      Terminated by "#"
      Trim whitespace from left and right


 LOG file opened at 06/25/20 14:16:01

Total Number of Files=1

Data File: tabla_pago_ext.csv

Log File: tabla_pago_ext.log



 LOG file opened at 06/25/20 14:16:01

Bad File: tabla_pago_ext_bad.log

Field Definitions for table TABLA_PAGO_EXT
  Record format DELIMITED BY NEWLINE
  Data in file has same endianness as the platform
  Rows with all null fields are accepted

  Fields in Data Source: 

    CARGA_MINIMA                    CHAR (255)
      Terminated by "#"
      Trim whitespace from left and right
    CARGA_MAXIMA                    CHAR (255)
      Terminated by "#"
      Trim whitespace from left and right
    CANTIDAD                        CHAR (255)
      Terminated by "#"
      Trim whitespace from left and right


 LOG file opened at 06/25/20 14:16:01

Total Number of Files=1

Data File: tabla_pago_ext.csv

Log File: tabla_pago_ext.log



 LOG file opened at 06/25/20 14:16:01

Bad File: tabla_pago_ext_bad.log

Field Definitions for table TABLA_PAGO_EXT
  Record format DELIMITED BY NEWLINE
  Data in file has same endianness as the platform
  Rows with all null fields are accepted

  Fields in Data Source: 

    CARGA_MINIMA                    CHAR (255)
      Terminated by "#"
      Trim whitespace from left and right
    CARGA_MAXIMA                    CHAR (255)
      Terminated by "#"
      Trim whitespace from left and right
    CANTIDAD                        CHAR (255)
      Terminated by "#"
      Trim whitespace from left and right


 LOG file opened at 06/25/20 14:16:08

Total Number of Files=1

Data File: tabla_pago_ext.csv

Log File: tabla_pago_ext.log



 LOG file opened at 06/25/20 14:16:08

Bad File: tabla_pago_ext_bad.log

Field Definitions for table TABLA_PAGO_EXT
  Record format DELIMITED BY NEWLINE
  Data in file has same endianness as the platform
  Rows with all null fields are accepted

  Fields in Data Source: 

    CARGA_MINIMA                    CHAR (255)
      Terminated by "#"
      Trim whitespace from left and right
    CARGA_MAXIMA                    CHAR (255)
      Terminated by "#"
      Trim whitespace from left and right
    CANTIDAD                        CHAR (255)
      Terminated by "#"
      Trim whitespace from left and right


 LOG file opened at 06/25/20 14:16:08

Total Number of Files=1

Data File: tabla_pago_ext.csv

Log File: tabla_pago_ext.log



 LOG file opened at 06/25/20 14:16:08

Bad File: tabla_pago_ext_bad.log

Field Definitions for table TABLA_PAGO_EXT
  Record format DELIMITED BY NEWLINE
  Data in file has same endianness as the platform
  Rows with all null fields are accepted

  Fields in Data Source: 

    CARGA_MINIMA                    CHAR (255)
      Terminated by "#"
      Trim whitespace from left and right
    CARGA_MAXIMA                    CHAR (255)
      Terminated by "#"
      Trim whitespace from left and right
    CANTIDAD                        CHAR (255)
      Terminated by "#"
      Trim whitespace from left and right


 LOG file opened at 06/25/20 14:17:23

Total Number of Files=1

Data File: tabla_pago_ext.csv

Log File: tabla_pago_ext.log



 LOG file opened at 06/25/20 14:17:24

Bad File: tabla_pago_ext_bad.log

Field Definitions for table TABLA_PAGO_EXT
  Record format DELIMITED BY NEWLINE
  Data in file has same endianness as the platform
  Rows with all null fields are accepted

  Fields in Data Source: 

    CARGA_MINIMA                    CHAR (255)
      Terminated by "#"
      Trim whitespace from left and right
    CARGA_MAXIMA                    CHAR (255)
      Terminated by "#"
      Trim whitespace from left and right
    CANTIDAD                        CHAR (255)
      Terminated by "#"
      Trim whitespace from left and right


 LOG file opened at 06/25/20 14:17:24

Total Number of Files=1

Data File: tabla_pago_ext.csv

Log File: tabla_pago_ext.log



 LOG file opened at 06/25/20 14:17:24

Bad File: tabla_pago_ext_bad.log

Field Definitions for table TABLA_PAGO_EXT
  Record format DELIMITED BY NEWLINE
  Data in file has same endianness as the platform
  Rows with all null fields are accepted

  Fields in Data Source: 

    CARGA_MINIMA                    CHAR (255)
      Terminated by "#"
      Trim whitespace from left and right
    CARGA_MAXIMA                    CHAR (255)
      Terminated by "#"
      Trim whitespace from left and right
    CANTIDAD                        CHAR (255)
      Terminated by "#"
      Trim whitespace from left and right


 LOG file opened at 06/25/20 14:17:31

Total Number of Files=1

Data File: tabla_pago_ext.csv

Log File: tabla_pago_ext.log



 LOG file opened at 06/25/20 14:17:32

Bad File: tabla_pago_ext_bad.log

Field Definitions for table TABLA_PAGO_EXT
  Record format DELIMITED BY NEWLINE
  Data in file has same endianness as the platform
  Rows with all null fields are accepted

  Fields in Data Source: 

    CARGA_MINIMA                    CHAR (255)
      Terminated by "#"
      Trim whitespace from left and right
    CARGA_MAXIMA                    CHAR (255)
      Terminated by "#"
      Trim whitespace from left and right
    CANTIDAD                        CHAR (255)
      Terminated by "#"
      Trim whitespace from left and right


 LOG file opened at 06/25/20 14:17:32

Total Number of Files=1

Data File: tabla_pago_ext.csv

Log File: tabla_pago_ext.log



 LOG file opened at 06/25/20 14:17:32

Bad File: tabla_pago_ext_bad.log

Field Definitions for table TABLA_PAGO_EXT
  Record format DELIMITED BY NEWLINE
  Data in file has same endianness as the platform
  Rows with all null fields are accepted

  Fields in Data Source: 

    CARGA_MINIMA                    CHAR (255)
      Terminated by "#"
      Trim whitespace from left and right
    CARGA_MAXIMA                    CHAR (255)
      Terminated by "#"
      Trim whitespace from left and right
    CANTIDAD                        CHAR (255)
      Terminated by "#"
      Trim whitespace from left and right


 LOG file opened at 06/25/20 14:18:31

Total Number of Files=1

Data File: tabla_pago_ext.csv

Log File: tabla_pago_ext.log



 LOG file opened at 06/25/20 14:18:32

Bad File: tabla_pago_ext_bad.log

Field Definitions for table TABLA_PAGO_EXT
  Record format DELIMITED BY NEWLINE
  Data in file has same endianness as the platform
  Rows with all null fields are accepted

  Fields in Data Source: 

    CARGA_MINIMA                    CHAR (255)
      Terminated by "#"
      Trim whitespace from left and right
    CARGA_MAXIMA                    CHAR (255)
      Terminated by "#"
      Trim whitespace from left and right
    CANTIDAD                        CHAR (255)
      Terminated by "#"
      Trim whitespace from left and right


 LOG file opened at 06/25/20 14:18:32

Total Number of Files=1

Data File: tabla_pago_ext.csv

Log File: tabla_pago_ext.log



 LOG file opened at 06/25/20 14:18:32

Bad File: tabla_pago_ext_bad.log

Field Definitions for table TABLA_PAGO_EXT
  Record format DELIMITED BY NEWLINE
  Data in file has same endianness as the platform
  Rows with all null fields are accepted

  Fields in Data Source: 

    CARGA_MINIMA                    CHAR (255)
      Terminated by "#"
      Trim whitespace from left and right
    CARGA_MAXIMA                    CHAR (255)
      Terminated by "#"
      Trim whitespace from left and right
    CANTIDAD                        CHAR (255)
      Terminated by "#"
      Trim whitespace from left and right


 LOG file opened at 06/25/20 14:18:38

Total Number of Files=1

Data File: tabla_pago_ext.csv

Log File: tabla_pago_ext.log



 LOG file opened at 06/25/20 14:18:38

Bad File: tabla_pago_ext_bad.log

Field Definitions for table TABLA_PAGO_EXT
  Record format DELIMITED BY NEWLINE
  Data in file has same endianness as the platform
  Rows with all null fields are accepted

  Fields in Data Source: 

    CARGA_MINIMA                    CHAR (255)
      Terminated by "#"
      Trim whitespace from left and right
    CARGA_MAXIMA                    CHAR (255)
      Terminated by "#"
      Trim whitespace from left and right
    CANTIDAD                        CHAR (255)
      Terminated by "#"
      Trim whitespace from left and right


 LOG file opened at 06/25/20 14:18:38

Total Number of Files=1

Data File: tabla_pago_ext.csv

Log File: tabla_pago_ext.log



 LOG file opened at 06/25/20 14:18:38

Bad File: tabla_pago_ext_bad.log

Field Definitions for table TABLA_PAGO_EXT
  Record format DELIMITED BY NEWLINE
  Data in file has same endianness as the platform
  Rows with all null fields are accepted

  Fields in Data Source: 

    CARGA_MINIMA                    CHAR (255)
      Terminated by "#"
      Trim whitespace from left and right
    CARGA_MAXIMA                    CHAR (255)
      Terminated by "#"
      Trim whitespace from left and right
    CANTIDAD                        CHAR (255)
      Terminated by "#"
      Trim whitespace from left and right


 LOG file opened at 06/25/20 14:20:47

Total Number of Files=1

Data File: tabla_pago_ext.csv

Log File: tabla_pago_ext.log



 LOG file opened at 06/25/20 14:20:47

Bad File: tabla_pago_ext_bad.log

Field Definitions for table TABLA_PAGO_EXT
  Record format DELIMITED BY NEWLINE
  Data in file has same endianness as the platform
  Rows with all null fields are accepted

  Fields in Data Source: 

    CARGA_MINIMA                    CHAR (255)
      Terminated by "#"
      Trim whitespace from left and right
    CARGA_MAXIMA                    CHAR (255)
      Terminated by "#"
      Trim whitespace from left and right
    CANTIDAD                        CHAR (255)
      Terminated by "#"
      Trim whitespace from left and right


 LOG file opened at 06/25/20 14:20:48

Total Number of Files=1

Data File: tabla_pago_ext.csv

Log File: tabla_pago_ext.log



 LOG file opened at 06/25/20 14:20:48

Bad File: tabla_pago_ext_bad.log

Field Definitions for table TABLA_PAGO_EXT
  Record format DELIMITED BY NEWLINE
  Data in file has same endianness as the platform
  Rows with all null fields are accepted

  Fields in Data Source: 

    CARGA_MINIMA                    CHAR (255)
      Terminated by "#"
      Trim whitespace from left and right
    CARGA_MAXIMA                    CHAR (255)
      Terminated by "#"
      Trim whitespace from left and right
    CANTIDAD                        CHAR (255)
      Terminated by "#"
      Trim whitespace from left and right


 LOG file opened at 06/25/20 14:20:56

Total Number of Files=1

Data File: tabla_pago_ext.csv

Log File: tabla_pago_ext.log



 LOG file opened at 06/25/20 14:20:56

Bad File: tabla_pago_ext_bad.log

Field Definitions for table TABLA_PAGO_EXT
  Record format DELIMITED BY NEWLINE
  Data in file has same endianness as the platform
  Rows with all null fields are accepted

  Fields in Data Source: 

    CARGA_MINIMA                    CHAR (255)
      Terminated by "#"
      Trim whitespace from left and right
    CARGA_MAXIMA                    CHAR (255)
      Terminated by "#"
      Trim whitespace from left and right
    CANTIDAD                        CHAR (255)
      Terminated by "#"
      Trim whitespace from left and right


 LOG file opened at 06/25/20 14:20:56

Total Number of Files=1

Data File: tabla_pago_ext.csv

Log File: tabla_pago_ext.log



 LOG file opened at 06/25/20 14:20:56

Bad File: tabla_pago_ext_bad.log

Field Definitions for table TABLA_PAGO_EXT
  Record format DELIMITED BY NEWLINE
  Data in file has same endianness as the platform
  Rows with all null fields are accepted

  Fields in Data Source: 

    CARGA_MINIMA                    CHAR (255)
      Terminated by "#"
      Trim whitespace from left and right
    CARGA_MAXIMA                    CHAR (255)
      Terminated by "#"
      Trim whitespace from left and right
    CANTIDAD                        CHAR (255)
      Terminated by "#"
      Trim whitespace from left and right


 LOG file opened at 06/25/20 14:23:49

Total Number of Files=1

Data File: tabla_pago_ext.csv

Log File: tabla_pago_ext.log



 LOG file opened at 06/25/20 14:23:49

Bad File: tabla_pago_ext_bad.log

Field Definitions for table TABLA_PAGO_EXT
  Record format DELIMITED BY NEWLINE
  Data in file has same endianness as the platform
  Rows with all null fields are accepted

  Fields in Data Source: 

    CARGA_MINIMA                    CHAR (255)
      Terminated by "#"
      Trim whitespace from left and right
    CARGA_MAXIMA                    CHAR (255)
      Terminated by "#"
      Trim whitespace from left and right
    CANTIDAD                        CHAR (255)
      Terminated by "#"
      Trim whitespace from left and right


 LOG file opened at 06/25/20 14:23:49

Total Number of Files=1

Data File: tabla_pago_ext.csv

Log File: tabla_pago_ext.log



 LOG file opened at 06/25/20 14:23:49

Bad File: tabla_pago_ext_bad.log

Field Definitions for table TABLA_PAGO_EXT
  Record format DELIMITED BY NEWLINE
  Data in file has same endianness as the platform
  Rows with all null fields are accepted

  Fields in Data Source: 

    CARGA_MINIMA                    CHAR (255)
      Terminated by "#"
      Trim whitespace from left and right
    CARGA_MAXIMA                    CHAR (255)
      Terminated by "#"
      Trim whitespace from left and right
    CANTIDAD                        CHAR (255)
      Terminated by "#"
      Trim whitespace from left and right


 LOG file opened at 06/25/20 14:23:57

Total Number of Files=1

Data File: tabla_pago_ext.csv

Log File: tabla_pago_ext.log



 LOG file opened at 06/25/20 14:23:57

Bad File: tabla_pago_ext_bad.log

Field Definitions for table TABLA_PAGO_EXT
  Record format DELIMITED BY NEWLINE
  Data in file has same endianness as the platform
  Rows with all null fields are accepted

  Fields in Data Source: 

    CARGA_MINIMA                    CHAR (255)
      Terminated by "#"
      Trim whitespace from left and right
    CARGA_MAXIMA                    CHAR (255)
      Terminated by "#"
      Trim whitespace from left and right
    CANTIDAD                        CHAR (255)
      Terminated by "#"
      Trim whitespace from left and right


 LOG file opened at 06/25/20 14:23:57

Total Number of Files=1

Data File: tabla_pago_ext.csv

Log File: tabla_pago_ext.log



 LOG file opened at 06/25/20 14:23:57

Bad File: tabla_pago_ext_bad.log

Field Definitions for table TABLA_PAGO_EXT
  Record format DELIMITED BY NEWLINE
  Data in file has same endianness as the platform
  Rows with all null fields are accepted

  Fields in Data Source: 

    CARGA_MINIMA                    CHAR (255)
      Terminated by "#"
      Trim whitespace from left and right
    CARGA_MAXIMA                    CHAR (255)
      Terminated by "#"
      Trim whitespace from left and right
    CANTIDAD                        CHAR (255)
      Terminated by "#"
      Trim whitespace from left and right


 LOG file opened at 06/25/20 15:12:45

Total Number of Files=1

Data File: tabla_pago_ext.csv

Log File: tabla_pago_ext.log



 LOG file opened at 06/25/20 15:12:45

Bad File: tabla_pago_ext_bad.log

Field Definitions for table TABLA_PAGO_EXT
  Record format DELIMITED BY NEWLINE
  Data in file has same endianness as the platform
  Rows with all null fields are accepted

  Fields in Data Source: 

    CARGA_MINIMA                    CHAR (255)
      Terminated by "#"
      Trim whitespace from left and right
    CARGA_MAXIMA                    CHAR (255)
      Terminated by "#"
      Trim whitespace from left and right
    CANTIDAD                        CHAR (255)
      Terminated by "#"
      Trim whitespace from left and right


 LOG file opened at 06/25/20 15:12:45

Total Number of Files=1

Data File: tabla_pago_ext.csv

Log File: tabla_pago_ext.log



 LOG file opened at 06/25/20 15:12:45

Bad File: tabla_pago_ext_bad.log

Field Definitions for table TABLA_PAGO_EXT
  Record format DELIMITED BY NEWLINE
  Data in file has same endianness as the platform
  Rows with all null fields are accepted

  Fields in Data Source: 

    CARGA_MINIMA                    CHAR (255)
      Terminated by "#"
      Trim whitespace from left and right
    CARGA_MAXIMA                    CHAR (255)
      Terminated by "#"
      Trim whitespace from left and right
    CANTIDAD                        CHAR (255)
      Terminated by "#"
      Trim whitespace from left and right


 LOG file opened at 06/25/20 15:12:52

Total Number of Files=1

Data File: tabla_pago_ext.csv

Log File: tabla_pago_ext.log



 LOG file opened at 06/25/20 15:12:52

Bad File: tabla_pago_ext_bad.log

Field Definitions for table TABLA_PAGO_EXT
  Record format DELIMITED BY NEWLINE
  Data in file has same endianness as the platform
  Rows with all null fields are accepted

  Fields in Data Source: 

    CARGA_MINIMA                    CHAR (255)
      Terminated by "#"
      Trim whitespace from left and right
    CARGA_MAXIMA                    CHAR (255)
      Terminated by "#"
      Trim whitespace from left and right
    CANTIDAD                        CHAR (255)
      Terminated by "#"
      Trim whitespace from left and right


 LOG file opened at 06/25/20 15:12:52

Total Number of Files=1

Data File: tabla_pago_ext.csv

Log File: tabla_pago_ext.log



 LOG file opened at 06/25/20 15:12:52

Bad File: tabla_pago_ext_bad.log

Field Definitions for table TABLA_PAGO_EXT
  Record format DELIMITED BY NEWLINE
  Data in file has same endianness as the platform
  Rows with all null fields are accepted

  Fields in Data Source: 

    CARGA_MINIMA                    CHAR (255)
      Terminated by "#"
      Trim whitespace from left and right
    CARGA_MAXIMA                    CHAR (255)
      Terminated by "#"
      Trim whitespace from left and right
    CANTIDAD                        CHAR (255)
      Terminated by "#"
      Trim whitespace from left and right


 LOG file opened at 06/25/20 15:14:34

Total Number of Files=1

Data File: tabla_pago_ext.csv

Log File: tabla_pago_ext.log



 LOG file opened at 06/25/20 15:14:34

Bad File: tabla_pago_ext_bad.log

Field Definitions for table TABLA_PAGO_EXT
  Record format DELIMITED BY NEWLINE
  Data in file has same endianness as the platform
  Rows with all null fields are accepted

  Fields in Data Source: 

    CARGA_MINIMA                    CHAR (255)
      Terminated by "#"
      Trim whitespace from left and right
    CARGA_MAXIMA                    CHAR (255)
      Terminated by "#"
      Trim whitespace from left and right
    CANTIDAD                        CHAR (255)
      Terminated by "#"
      Trim whitespace from left and right


 LOG file opened at 06/25/20 15:14:34

Total Number of Files=1

Data File: tabla_pago_ext.csv

Log File: tabla_pago_ext.log



 LOG file opened at 06/25/20 15:14:34

Bad File: tabla_pago_ext_bad.log

Field Definitions for table TABLA_PAGO_EXT
  Record format DELIMITED BY NEWLINE
  Data in file has same endianness as the platform
  Rows with all null fields are accepted

  Fields in Data Source: 

    CARGA_MINIMA                    CHAR (255)
      Terminated by "#"
      Trim whitespace from left and right
    CARGA_MAXIMA                    CHAR (255)
      Terminated by "#"
      Trim whitespace from left and right
    CANTIDAD                        CHAR (255)
      Terminated by "#"
      Trim whitespace from left and right


 LOG file opened at 06/25/20 15:14:43

Total Number of Files=1

Data File: tabla_pago_ext.csv

Log File: tabla_pago_ext.log



 LOG file opened at 06/25/20 15:14:43

Bad File: tabla_pago_ext_bad.log

Field Definitions for table TABLA_PAGO_EXT
  Record format DELIMITED BY NEWLINE
  Data in file has same endianness as the platform
  Rows with all null fields are accepted

  Fields in Data Source: 

    CARGA_MINIMA                    CHAR (255)
      Terminated by "#"
      Trim whitespace from left and right
    CARGA_MAXIMA                    CHAR (255)
      Terminated by "#"
      Trim whitespace from left and right
    CANTIDAD                        CHAR (255)
      Terminated by "#"
      Trim whitespace from left and right


 LOG file opened at 06/25/20 15:14:43

Total Number of Files=1

Data File: tabla_pago_ext.csv

Log File: tabla_pago_ext.log



 LOG file opened at 06/25/20 15:14:43

Bad File: tabla_pago_ext_bad.log

Field Definitions for table TABLA_PAGO_EXT
  Record format DELIMITED BY NEWLINE
  Data in file has same endianness as the platform
  Rows with all null fields are accepted

  Fields in Data Source: 

    CARGA_MINIMA                    CHAR (255)
      Terminated by "#"
      Trim whitespace from left and right
    CARGA_MAXIMA                    CHAR (255)
      Terminated by "#"
      Trim whitespace from left and right
    CANTIDAD                        CHAR (255)
      Terminated by "#"
      Trim whitespace from left and right


 LOG file opened at 06/25/20 15:17:14

Total Number of Files=1

Data File: tabla_pago_ext.csv

Log File: tabla_pago_ext.log



 LOG file opened at 06/25/20 15:17:14

Bad File: tabla_pago_ext_bad.log

Field Definitions for table TABLA_PAGO_EXT
  Record format DELIMITED BY NEWLINE
  Data in file has same endianness as the platform
  Rows with all null fields are accepted

  Fields in Data Source: 

    CARGA_MINIMA                    CHAR (255)
      Terminated by "#"
      Trim whitespace from left and right
    CARGA_MAXIMA                    CHAR (255)
      Terminated by "#"
      Trim whitespace from left and right
    CANTIDAD                        CHAR (255)
      Terminated by "#"
      Trim whitespace from left and right


 LOG file opened at 06/25/20 15:17:14

Total Number of Files=1

Data File: tabla_pago_ext.csv

Log File: tabla_pago_ext.log



 LOG file opened at 06/25/20 15:17:14

Bad File: tabla_pago_ext_bad.log

Field Definitions for table TABLA_PAGO_EXT
  Record format DELIMITED BY NEWLINE
  Data in file has same endianness as the platform
  Rows with all null fields are accepted

  Fields in Data Source: 

    CARGA_MINIMA                    CHAR (255)
      Terminated by "#"
      Trim whitespace from left and right
    CARGA_MAXIMA                    CHAR (255)
      Terminated by "#"
      Trim whitespace from left and right
    CANTIDAD                        CHAR (255)
      Terminated by "#"
      Trim whitespace from left and right


 LOG file opened at 06/25/20 15:17:24

Total Number of Files=1

Data File: tabla_pago_ext.csv

Log File: tabla_pago_ext.log



 LOG file opened at 06/25/20 15:17:24

Bad File: tabla_pago_ext_bad.log

Field Definitions for table TABLA_PAGO_EXT
  Record format DELIMITED BY NEWLINE
  Data in file has same endianness as the platform
  Rows with all null fields are accepted

  Fields in Data Source: 

    CARGA_MINIMA                    CHAR (255)
      Terminated by "#"
      Trim whitespace from left and right
    CARGA_MAXIMA                    CHAR (255)
      Terminated by "#"
      Trim whitespace from left and right
    CANTIDAD                        CHAR (255)
      Terminated by "#"
      Trim whitespace from left and right


 LOG file opened at 06/25/20 15:17:24

Total Number of Files=1

Data File: tabla_pago_ext.csv

Log File: tabla_pago_ext.log



 LOG file opened at 06/25/20 15:17:24

Bad File: tabla_pago_ext_bad.log

Field Definitions for table TABLA_PAGO_EXT
  Record format DELIMITED BY NEWLINE
  Data in file has same endianness as the platform
  Rows with all null fields are accepted

  Fields in Data Source: 

    CARGA_MINIMA                    CHAR (255)
      Terminated by "#"
      Trim whitespace from left and right
    CARGA_MAXIMA                    CHAR (255)
      Terminated by "#"
      Trim whitespace from left and right
    CANTIDAD                        CHAR (255)
      Terminated by "#"
      Trim whitespace from left and right


 LOG file opened at 06/25/20 15:17:54

Total Number of Files=1

Data File: tabla_pago_ext.csv

Log File: tabla_pago_ext.log



 LOG file opened at 06/25/20 15:17:54

Bad File: tabla_pago_ext_bad.log

Field Definitions for table TABLA_PAGO_EXT
  Record format DELIMITED BY NEWLINE
  Data in file has same endianness as the platform
  Rows with all null fields are accepted

  Fields in Data Source: 

    CARGA_MINIMA                    CHAR (255)
      Terminated by "#"
      Trim whitespace from left and right
    CARGA_MAXIMA                    CHAR (255)
      Terminated by "#"
      Trim whitespace from left and right
    CANTIDAD                        CHAR (255)
      Terminated by "#"
      Trim whitespace from left and right


 LOG file opened at 06/25/20 15:17:54

Total Number of Files=1

Data File: tabla_pago_ext.csv

Log File: tabla_pago_ext.log



 LOG file opened at 06/25/20 15:17:54

Bad File: tabla_pago_ext_bad.log

Field Definitions for table TABLA_PAGO_EXT
  Record format DELIMITED BY NEWLINE
  Data in file has same endianness as the platform
  Rows with all null fields are accepted

  Fields in Data Source: 

    CARGA_MINIMA                    CHAR (255)
      Terminated by "#"
      Trim whitespace from left and right
    CARGA_MAXIMA                    CHAR (255)
      Terminated by "#"
      Trim whitespace from left and right
    CANTIDAD                        CHAR (255)
      Terminated by "#"
      Trim whitespace from left and right


 LOG file opened at 06/25/20 15:18:02

Total Number of Files=1

Data File: tabla_pago_ext.csv

Log File: tabla_pago_ext.log



 LOG file opened at 06/25/20 15:18:02

Bad File: tabla_pago_ext_bad.log

Field Definitions for table TABLA_PAGO_EXT
  Record format DELIMITED BY NEWLINE
  Data in file has same endianness as the platform
  Rows with all null fields are accepted

  Fields in Data Source: 

    CARGA_MINIMA                    CHAR (255)
      Terminated by "#"
      Trim whitespace from left and right
    CARGA_MAXIMA                    CHAR (255)
      Terminated by "#"
      Trim whitespace from left and right
    CANTIDAD                        CHAR (255)
      Terminated by "#"
      Trim whitespace from left and right


 LOG file opened at 06/25/20 15:18:02

Total Number of Files=1

Data File: tabla_pago_ext.csv

Log File: tabla_pago_ext.log



 LOG file opened at 06/25/20 15:18:02

Bad File: tabla_pago_ext_bad.log

Field Definitions for table TABLA_PAGO_EXT
  Record format DELIMITED BY NEWLINE
  Data in file has same endianness as the platform
  Rows with all null fields are accepted

  Fields in Data Source: 

    CARGA_MINIMA                    CHAR (255)
      Terminated by "#"
      Trim whitespace from left and right
    CARGA_MAXIMA                    CHAR (255)
      Terminated by "#"
      Trim whitespace from left and right
    CANTIDAD                        CHAR (255)
      Terminated by "#"
      Trim whitespace from left and right


 LOG file opened at 06/25/20 15:19:08

Total Number of Files=1

Data File: tabla_pago_ext.csv

Log File: tabla_pago_ext.log



 LOG file opened at 06/25/20 15:19:08

Bad File: tabla_pago_ext_bad.log

Field Definitions for table TABLA_PAGO_EXT
  Record format DELIMITED BY NEWLINE
  Data in file has same endianness as the platform
  Rows with all null fields are accepted

  Fields in Data Source: 

    CARGA_MINIMA                    CHAR (255)
      Terminated by "#"
      Trim whitespace from left and right
    CARGA_MAXIMA                    CHAR (255)
      Terminated by "#"
      Trim whitespace from left and right
    CANTIDAD                        CHAR (255)
      Terminated by "#"
      Trim whitespace from left and right


 LOG file opened at 06/25/20 15:19:08

Total Number of Files=1

Data File: tabla_pago_ext.csv

Log File: tabla_pago_ext.log



 LOG file opened at 06/25/20 15:19:08

Bad File: tabla_pago_ext_bad.log

Field Definitions for table TABLA_PAGO_EXT
  Record format DELIMITED BY NEWLINE
  Data in file has same endianness as the platform
  Rows with all null fields are accepted

  Fields in Data Source: 

    CARGA_MINIMA                    CHAR (255)
      Terminated by "#"
      Trim whitespace from left and right
    CARGA_MAXIMA                    CHAR (255)
      Terminated by "#"
      Trim whitespace from left and right
    CANTIDAD                        CHAR (255)
      Terminated by "#"
      Trim whitespace from left and right


 LOG file opened at 06/25/20 15:19:15

Total Number of Files=1

Data File: tabla_pago_ext.csv

Log File: tabla_pago_ext.log



 LOG file opened at 06/25/20 15:19:15

Bad File: tabla_pago_ext_bad.log

Field Definitions for table TABLA_PAGO_EXT
  Record format DELIMITED BY NEWLINE
  Data in file has same endianness as the platform
  Rows with all null fields are accepted

  Fields in Data Source: 

    CARGA_MINIMA                    CHAR (255)
      Terminated by "#"
      Trim whitespace from left and right
    CARGA_MAXIMA                    CHAR (255)
      Terminated by "#"
      Trim whitespace from left and right
    CANTIDAD                        CHAR (255)
      Terminated by "#"
      Trim whitespace from left and right


 LOG file opened at 06/25/20 15:19:15

Total Number of Files=1

Data File: tabla_pago_ext.csv

Log File: tabla_pago_ext.log



 LOG file opened at 06/25/20 15:19:15

Bad File: tabla_pago_ext_bad.log

Field Definitions for table TABLA_PAGO_EXT
  Record format DELIMITED BY NEWLINE
  Data in file has same endianness as the platform
  Rows with all null fields are accepted

  Fields in Data Source: 

    CARGA_MINIMA                    CHAR (255)
      Terminated by "#"
      Trim whitespace from left and right
    CARGA_MAXIMA                    CHAR (255)
      Terminated by "#"
      Trim whitespace from left and right
    CANTIDAD                        CHAR (255)
      Terminated by "#"
      Trim whitespace from left and right


 LOG file opened at 06/25/20 15:21:14

Total Number of Files=1

Data File: tabla_pago_ext.csv

Log File: tabla_pago_ext.log



 LOG file opened at 06/25/20 15:21:14

Bad File: tabla_pago_ext_bad.log

Field Definitions for table TABLA_PAGO_EXT
  Record format DELIMITED BY NEWLINE
  Data in file has same endianness as the platform
  Rows with all null fields are accepted

  Fields in Data Source: 

    CARGA_MINIMA                    CHAR (255)
      Terminated by "#"
      Trim whitespace from left and right
    CARGA_MAXIMA                    CHAR (255)
      Terminated by "#"
      Trim whitespace from left and right
    CANTIDAD                        CHAR (255)
      Terminated by "#"
      Trim whitespace from left and right


 LOG file opened at 06/25/20 15:21:14

Total Number of Files=1

Data File: tabla_pago_ext.csv

Log File: tabla_pago_ext.log



 LOG file opened at 06/25/20 15:21:14

Bad File: tabla_pago_ext_bad.log

Field Definitions for table TABLA_PAGO_EXT
  Record format DELIMITED BY NEWLINE
  Data in file has same endianness as the platform
  Rows with all null fields are accepted

  Fields in Data Source: 

    CARGA_MINIMA                    CHAR (255)
      Terminated by "#"
      Trim whitespace from left and right
    CARGA_MAXIMA                    CHAR (255)
      Terminated by "#"
      Trim whitespace from left and right
    CANTIDAD                        CHAR (255)
      Terminated by "#"
      Trim whitespace from left and right


 LOG file opened at 06/25/20 15:21:22

Total Number of Files=1

Data File: tabla_pago_ext.csv

Log File: tabla_pago_ext.log



 LOG file opened at 06/25/20 15:21:22

Bad File: tabla_pago_ext_bad.log

Field Definitions for table TABLA_PAGO_EXT
  Record format DELIMITED BY NEWLINE
  Data in file has same endianness as the platform
  Rows with all null fields are accepted

  Fields in Data Source: 

    CARGA_MINIMA                    CHAR (255)
      Terminated by "#"
      Trim whitespace from left and right
    CARGA_MAXIMA                    CHAR (255)
      Terminated by "#"
      Trim whitespace from left and right
    CANTIDAD                        CHAR (255)
      Terminated by "#"
      Trim whitespace from left and right


 LOG file opened at 06/25/20 15:21:22

Total Number of Files=1

Data File: tabla_pago_ext.csv

Log File: tabla_pago_ext.log



 LOG file opened at 06/25/20 15:21:22

Bad File: tabla_pago_ext_bad.log

Field Definitions for table TABLA_PAGO_EXT
  Record format DELIMITED BY NEWLINE
  Data in file has same endianness as the platform
  Rows with all null fields are accepted

  Fields in Data Source: 

    CARGA_MINIMA                    CHAR (255)
      Terminated by "#"
      Trim whitespace from left and right
    CARGA_MAXIMA                    CHAR (255)
      Terminated by "#"
      Trim whitespace from left and right
    CANTIDAD                        CHAR (255)
      Terminated by "#"
      Trim whitespace from left and right


 LOG file opened at 06/25/20 15:25:08

Total Number of Files=1

Data File: tabla_pago_ext.csv

Log File: tabla_pago_ext.log



 LOG file opened at 06/25/20 15:25:08

Bad File: tabla_pago_ext_bad.log

Field Definitions for table TABLA_PAGO_EXT
  Record format DELIMITED BY NEWLINE
  Data in file has same endianness as the platform
  Rows with all null fields are accepted

  Fields in Data Source: 

    CARGA_MINIMA                    CHAR (255)
      Terminated by "#"
      Trim whitespace from left and right
    CARGA_MAXIMA                    CHAR (255)
      Terminated by "#"
      Trim whitespace from left and right
    CANTIDAD                        CHAR (255)
      Terminated by "#"
      Trim whitespace from left and right


 LOG file opened at 06/25/20 15:25:08

Total Number of Files=1

Data File: tabla_pago_ext.csv

Log File: tabla_pago_ext.log



 LOG file opened at 06/25/20 15:25:08

Bad File: tabla_pago_ext_bad.log

Field Definitions for table TABLA_PAGO_EXT
  Record format DELIMITED BY NEWLINE
  Data in file has same endianness as the platform
  Rows with all null fields are accepted

  Fields in Data Source: 

    CARGA_MINIMA                    CHAR (255)
      Terminated by "#"
      Trim whitespace from left and right
    CARGA_MAXIMA                    CHAR (255)
      Terminated by "#"
      Trim whitespace from left and right
    CANTIDAD                        CHAR (255)
      Terminated by "#"
      Trim whitespace from left and right


 LOG file opened at 06/25/20 15:25:15

Total Number of Files=1

Data File: tabla_pago_ext.csv

Log File: tabla_pago_ext.log



 LOG file opened at 06/25/20 15:25:15

Bad File: tabla_pago_ext_bad.log

Field Definitions for table TABLA_PAGO_EXT
  Record format DELIMITED BY NEWLINE
  Data in file has same endianness as the platform
  Rows with all null fields are accepted

  Fields in Data Source: 

    CARGA_MINIMA                    CHAR (255)
      Terminated by "#"
      Trim whitespace from left and right
    CARGA_MAXIMA                    CHAR (255)
      Terminated by "#"
      Trim whitespace from left and right
    CANTIDAD                        CHAR (255)
      Terminated by "#"
      Trim whitespace from left and right


 LOG file opened at 06/25/20 15:25:15

Total Number of Files=1

Data File: tabla_pago_ext.csv

Log File: tabla_pago_ext.log



 LOG file opened at 06/25/20 15:25:15

Bad File: tabla_pago_ext_bad.log

Field Definitions for table TABLA_PAGO_EXT
  Record format DELIMITED BY NEWLINE
  Data in file has same endianness as the platform
  Rows with all null fields are accepted

  Fields in Data Source: 

    CARGA_MINIMA                    CHAR (255)
      Terminated by "#"
      Trim whitespace from left and right
    CARGA_MAXIMA                    CHAR (255)
      Terminated by "#"
      Trim whitespace from left and right
    CANTIDAD                        CHAR (255)
      Terminated by "#"
      Trim whitespace from left and right


 LOG file opened at 06/25/20 15:25:51

Total Number of Files=1

Data File: tabla_pago_ext.csv

Log File: tabla_pago_ext.log



 LOG file opened at 06/25/20 15:25:51

Bad File: tabla_pago_ext_bad.log

Field Definitions for table TABLA_PAGO_EXT
  Record format DELIMITED BY NEWLINE
  Data in file has same endianness as the platform
  Rows with all null fields are accepted

  Fields in Data Source: 

    CARGA_MINIMA                    CHAR (255)
      Terminated by "#"
      Trim whitespace from left and right
    CARGA_MAXIMA                    CHAR (255)
      Terminated by "#"
      Trim whitespace from left and right
    CANTIDAD                        CHAR (255)
      Terminated by "#"
      Trim whitespace from left and right


 LOG file opened at 06/25/20 15:25:51

Total Number of Files=1

Data File: tabla_pago_ext.csv

Log File: tabla_pago_ext.log



 LOG file opened at 06/25/20 15:25:51

Bad File: tabla_pago_ext_bad.log

Field Definitions for table TABLA_PAGO_EXT
  Record format DELIMITED BY NEWLINE
  Data in file has same endianness as the platform
  Rows with all null fields are accepted

  Fields in Data Source: 

    CARGA_MINIMA                    CHAR (255)
      Terminated by "#"
      Trim whitespace from left and right
    CARGA_MAXIMA                    CHAR (255)
      Terminated by "#"
      Trim whitespace from left and right
    CANTIDAD                        CHAR (255)
      Terminated by "#"
      Trim whitespace from left and right


 LOG file opened at 06/25/20 15:25:58

Total Number of Files=1

Data File: tabla_pago_ext.csv

Log File: tabla_pago_ext.log



 LOG file opened at 06/25/20 15:25:58

Bad File: tabla_pago_ext_bad.log

Field Definitions for table TABLA_PAGO_EXT
  Record format DELIMITED BY NEWLINE
  Data in file has same endianness as the platform
  Rows with all null fields are accepted

  Fields in Data Source: 

    CARGA_MINIMA                    CHAR (255)
      Terminated by "#"
      Trim whitespace from left and right
    CARGA_MAXIMA                    CHAR (255)
      Terminated by "#"
      Trim whitespace from left and right
    CANTIDAD                        CHAR (255)
      Terminated by "#"
      Trim whitespace from left and right


 LOG file opened at 06/25/20 15:25:58

Total Number of Files=1

Data File: tabla_pago_ext.csv

Log File: tabla_pago_ext.log



 LOG file opened at 06/25/20 15:25:58

Bad File: tabla_pago_ext_bad.log

Field Definitions for table TABLA_PAGO_EXT
  Record format DELIMITED BY NEWLINE
  Data in file has same endianness as the platform
  Rows with all null fields are accepted

  Fields in Data Source: 

    CARGA_MINIMA                    CHAR (255)
      Terminated by "#"
      Trim whitespace from left and right
    CARGA_MAXIMA                    CHAR (255)
      Terminated by "#"
      Trim whitespace from left and right
    CANTIDAD                        CHAR (255)
      Terminated by "#"
      Trim whitespace from left and right


 LOG file opened at 06/25/20 15:37:40

Total Number of Files=1

Data File: tabla_pago_ext.csv

Log File: tabla_pago_ext.log



 LOG file opened at 06/25/20 15:37:40

Bad File: tabla_pago_ext_bad.log

Field Definitions for table TABLA_PAGO_EXT
  Record format DELIMITED BY NEWLINE
  Data in file has same endianness as the platform
  Rows with all null fields are accepted

  Fields in Data Source: 

    CARGA_MINIMA                    CHAR (255)
      Terminated by "#"
      Trim whitespace from left and right
    CARGA_MAXIMA                    CHAR (255)
      Terminated by "#"
      Trim whitespace from left and right
    CANTIDAD                        CHAR (255)
      Terminated by "#"
      Trim whitespace from left and right


 LOG file opened at 06/25/20 15:37:40

Total Number of Files=1

Data File: tabla_pago_ext.csv

Log File: tabla_pago_ext.log



 LOG file opened at 06/25/20 15:37:40

Bad File: tabla_pago_ext_bad.log

Field Definitions for table TABLA_PAGO_EXT
  Record format DELIMITED BY NEWLINE
  Data in file has same endianness as the platform
  Rows with all null fields are accepted

  Fields in Data Source: 

    CARGA_MINIMA                    CHAR (255)
      Terminated by "#"
      Trim whitespace from left and right
    CARGA_MAXIMA                    CHAR (255)
      Terminated by "#"
      Trim whitespace from left and right
    CANTIDAD                        CHAR (255)
      Terminated by "#"
      Trim whitespace from left and right


 LOG file opened at 06/25/20 15:37:47

Total Number of Files=1

Data File: tabla_pago_ext.csv

Log File: tabla_pago_ext.log



 LOG file opened at 06/25/20 15:37:47

Bad File: tabla_pago_ext_bad.log

Field Definitions for table TABLA_PAGO_EXT
  Record format DELIMITED BY NEWLINE
  Data in file has same endianness as the platform
  Rows with all null fields are accepted

  Fields in Data Source: 

    CARGA_MINIMA                    CHAR (255)
      Terminated by "#"
      Trim whitespace from left and right
    CARGA_MAXIMA                    CHAR (255)
      Terminated by "#"
      Trim whitespace from left and right
    CANTIDAD                        CHAR (255)
      Terminated by "#"
      Trim whitespace from left and right


 LOG file opened at 06/25/20 15:37:47

Total Number of Files=1

Data File: tabla_pago_ext.csv

Log File: tabla_pago_ext.log



 LOG file opened at 06/25/20 15:37:47

Bad File: tabla_pago_ext_bad.log

Field Definitions for table TABLA_PAGO_EXT
  Record format DELIMITED BY NEWLINE
  Data in file has same endianness as the platform
  Rows with all null fields are accepted

  Fields in Data Source: 

    CARGA_MINIMA                    CHAR (255)
      Terminated by "#"
      Trim whitespace from left and right
    CARGA_MAXIMA                    CHAR (255)
      Terminated by "#"
      Trim whitespace from left and right
    CANTIDAD                        CHAR (255)
      Terminated by "#"
      Trim whitespace from left and right


 LOG file opened at 06/25/20 15:38:16

Total Number of Files=1

Data File: tabla_pago_ext.csv

Log File: tabla_pago_ext.log



 LOG file opened at 06/25/20 15:38:16

Bad File: tabla_pago_ext_bad.log

Field Definitions for table TABLA_PAGO_EXT
  Record format DELIMITED BY NEWLINE
  Data in file has same endianness as the platform
  Rows with all null fields are accepted

  Fields in Data Source: 

    CARGA_MINIMA                    CHAR (255)
      Terminated by "#"
      Trim whitespace from left and right
    CARGA_MAXIMA                    CHAR (255)
      Terminated by "#"
      Trim whitespace from left and right
    CANTIDAD                        CHAR (255)
      Terminated by "#"
      Trim whitespace from left and right


 LOG file opened at 06/25/20 15:38:16

Total Number of Files=1

Data File: tabla_pago_ext.csv

Log File: tabla_pago_ext.log



 LOG file opened at 06/25/20 15:38:16

Bad File: tabla_pago_ext_bad.log

Field Definitions for table TABLA_PAGO_EXT
  Record format DELIMITED BY NEWLINE
  Data in file has same endianness as the platform
  Rows with all null fields are accepted

  Fields in Data Source: 

    CARGA_MINIMA                    CHAR (255)
      Terminated by "#"
      Trim whitespace from left and right
    CARGA_MAXIMA                    CHAR (255)
      Terminated by "#"
      Trim whitespace from left and right
    CANTIDAD                        CHAR (255)
      Terminated by "#"
      Trim whitespace from left and right


 LOG file opened at 06/25/20 15:38:23

Total Number of Files=1

Data File: tabla_pago_ext.csv

Log File: tabla_pago_ext.log



 LOG file opened at 06/25/20 15:38:23

Bad File: tabla_pago_ext_bad.log

Field Definitions for table TABLA_PAGO_EXT
  Record format DELIMITED BY NEWLINE
  Data in file has same endianness as the platform
  Rows with all null fields are accepted

  Fields in Data Source: 

    CARGA_MINIMA                    CHAR (255)
      Terminated by "#"
      Trim whitespace from left and right
    CARGA_MAXIMA                    CHAR (255)
      Terminated by "#"
      Trim whitespace from left and right
    CANTIDAD                        CHAR (255)
      Terminated by "#"
      Trim whitespace from left and right


 LOG file opened at 06/25/20 15:38:23

Total Number of Files=1

Data File: tabla_pago_ext.csv

Log File: tabla_pago_ext.log



 LOG file opened at 06/25/20 15:38:23

Bad File: tabla_pago_ext_bad.log

Field Definitions for table TABLA_PAGO_EXT
  Record format DELIMITED BY NEWLINE
  Data in file has same endianness as the platform
  Rows with all null fields are accepted

  Fields in Data Source: 

    CARGA_MINIMA                    CHAR (255)
      Terminated by "#"
      Trim whitespace from left and right
    CARGA_MAXIMA                    CHAR (255)
      Terminated by "#"
      Trim whitespace from left and right
    CANTIDAD                        CHAR (255)
      Terminated by "#"
      Trim whitespace from left and right


 LOG file opened at 06/25/20 15:39:58

Total Number of Files=1

Data File: tabla_pago_ext.csv

Log File: tabla_pago_ext.log



 LOG file opened at 06/25/20 15:39:58

Bad File: tabla_pago_ext_bad.log

Field Definitions for table TABLA_PAGO_EXT
  Record format DELIMITED BY NEWLINE
  Data in file has same endianness as the platform
  Rows with all null fields are accepted

  Fields in Data Source: 

    CARGA_MINIMA                    CHAR (255)
      Terminated by "#"
      Trim whitespace from left and right
    CARGA_MAXIMA                    CHAR (255)
      Terminated by "#"
      Trim whitespace from left and right
    CANTIDAD                        CHAR (255)
      Terminated by "#"
      Trim whitespace from left and right


 LOG file opened at 06/25/20 15:39:58

Total Number of Files=1

Data File: tabla_pago_ext.csv

Log File: tabla_pago_ext.log



 LOG file opened at 06/25/20 15:39:58

Bad File: tabla_pago_ext_bad.log

Field Definitions for table TABLA_PAGO_EXT
  Record format DELIMITED BY NEWLINE
  Data in file has same endianness as the platform
  Rows with all null fields are accepted

  Fields in Data Source: 

    CARGA_MINIMA                    CHAR (255)
      Terminated by "#"
      Trim whitespace from left and right
    CARGA_MAXIMA                    CHAR (255)
      Terminated by "#"
      Trim whitespace from left and right
    CANTIDAD                        CHAR (255)
      Terminated by "#"
      Trim whitespace from left and right


 LOG file opened at 06/25/20 15:40:04

Total Number of Files=1

Data File: tabla_pago_ext.csv

Log File: tabla_pago_ext.log



 LOG file opened at 06/25/20 15:40:04

Bad File: tabla_pago_ext_bad.log

Field Definitions for table TABLA_PAGO_EXT
  Record format DELIMITED BY NEWLINE
  Data in file has same endianness as the platform
  Rows with all null fields are accepted

  Fields in Data Source: 

    CARGA_MINIMA                    CHAR (255)
      Terminated by "#"
      Trim whitespace from left and right
    CARGA_MAXIMA                    CHAR (255)
      Terminated by "#"
      Trim whitespace from left and right
    CANTIDAD                        CHAR (255)
      Terminated by "#"
      Trim whitespace from left and right


 LOG file opened at 06/25/20 15:40:04

Total Number of Files=1

Data File: tabla_pago_ext.csv

Log File: tabla_pago_ext.log



 LOG file opened at 06/25/20 15:40:04

Bad File: tabla_pago_ext_bad.log

Field Definitions for table TABLA_PAGO_EXT
  Record format DELIMITED BY NEWLINE
  Data in file has same endianness as the platform
  Rows with all null fields are accepted

  Fields in Data Source: 

    CARGA_MINIMA                    CHAR (255)
      Terminated by "#"
      Trim whitespace from left and right
    CARGA_MAXIMA                    CHAR (255)
      Terminated by "#"
      Trim whitespace from left and right
    CANTIDAD                        CHAR (255)
      Terminated by "#"
      Trim whitespace from left and right


 LOG file opened at 06/25/20 15:43:37

Total Number of Files=1

Data File: tabla_pago_ext.csv

Log File: tabla_pago_ext.log



 LOG file opened at 06/25/20 15:43:37

Bad File: tabla_pago_ext_bad.log

Field Definitions for table TABLA_PAGO_EXT
  Record format DELIMITED BY NEWLINE
  Data in file has same endianness as the platform
  Rows with all null fields are accepted

  Fields in Data Source: 

    CARGA_MINIMA                    CHAR (255)
      Terminated by "#"
      Trim whitespace from left and right
    CARGA_MAXIMA                    CHAR (255)
      Terminated by "#"
      Trim whitespace from left and right
    CANTIDAD                        CHAR (255)
      Terminated by "#"
      Trim whitespace from left and right


 LOG file opened at 06/25/20 15:43:37

Total Number of Files=1

Data File: tabla_pago_ext.csv

Log File: tabla_pago_ext.log



 LOG file opened at 06/25/20 15:43:37

Bad File: tabla_pago_ext_bad.log

Field Definitions for table TABLA_PAGO_EXT
  Record format DELIMITED BY NEWLINE
  Data in file has same endianness as the platform
  Rows with all null fields are accepted

  Fields in Data Source: 

    CARGA_MINIMA                    CHAR (255)
      Terminated by "#"
      Trim whitespace from left and right
    CARGA_MAXIMA                    CHAR (255)
      Terminated by "#"
      Trim whitespace from left and right
    CANTIDAD                        CHAR (255)
      Terminated by "#"
      Trim whitespace from left and right


 LOG file opened at 06/25/20 15:43:44

Total Number of Files=1

Data File: tabla_pago_ext.csv

Log File: tabla_pago_ext.log



 LOG file opened at 06/25/20 15:43:44

Bad File: tabla_pago_ext_bad.log

Field Definitions for table TABLA_PAGO_EXT
  Record format DELIMITED BY NEWLINE
  Data in file has same endianness as the platform
  Rows with all null fields are accepted

  Fields in Data Source: 

    CARGA_MINIMA                    CHAR (255)
      Terminated by "#"
      Trim whitespace from left and right
    CARGA_MAXIMA                    CHAR (255)
      Terminated by "#"
      Trim whitespace from left and right
    CANTIDAD                        CHAR (255)
      Terminated by "#"
      Trim whitespace from left and right


 LOG file opened at 06/25/20 15:43:44

Total Number of Files=1

Data File: tabla_pago_ext.csv

Log File: tabla_pago_ext.log



 LOG file opened at 06/25/20 15:43:44

Bad File: tabla_pago_ext_bad.log

Field Definitions for table TABLA_PAGO_EXT
  Record format DELIMITED BY NEWLINE
  Data in file has same endianness as the platform
  Rows with all null fields are accepted

  Fields in Data Source: 

    CARGA_MINIMA                    CHAR (255)
      Terminated by "#"
      Trim whitespace from left and right
    CARGA_MAXIMA                    CHAR (255)
      Terminated by "#"
      Trim whitespace from left and right
    CANTIDAD                        CHAR (255)
      Terminated by "#"
      Trim whitespace from left and right


 LOG file opened at 06/25/20 15:55:01

Total Number of Files=1

Data File: tabla_pago_ext.csv

Log File: tabla_pago_ext.log



 LOG file opened at 06/25/20 15:55:01

Bad File: tabla_pago_ext_bad.log

Field Definitions for table TABLA_PAGO_EXT
  Record format DELIMITED BY NEWLINE
  Data in file has same endianness as the platform
  Rows with all null fields are accepted

  Fields in Data Source: 

    CARGA_MINIMA                    CHAR (255)
      Terminated by "#"
      Trim whitespace from left and right
    CARGA_MAXIMA                    CHAR (255)
      Terminated by "#"
      Trim whitespace from left and right
    CANTIDAD                        CHAR (255)
      Terminated by "#"
      Trim whitespace from left and right


 LOG file opened at 06/25/20 15:55:01

Total Number of Files=1

Data File: tabla_pago_ext.csv

Log File: tabla_pago_ext.log



 LOG file opened at 06/25/20 15:55:01

Bad File: tabla_pago_ext_bad.log

Field Definitions for table TABLA_PAGO_EXT
  Record format DELIMITED BY NEWLINE
  Data in file has same endianness as the platform
  Rows with all null fields are accepted

  Fields in Data Source: 

    CARGA_MINIMA                    CHAR (255)
      Terminated by "#"
      Trim whitespace from left and right
    CARGA_MAXIMA                    CHAR (255)
      Terminated by "#"
      Trim whitespace from left and right
    CANTIDAD                        CHAR (255)
      Terminated by "#"
      Trim whitespace from left and right


 LOG file opened at 06/25/20 15:55:08

Total Number of Files=1

Data File: tabla_pago_ext.csv

Log File: tabla_pago_ext.log



 LOG file opened at 06/25/20 15:55:08

Bad File: tabla_pago_ext_bad.log

Field Definitions for table TABLA_PAGO_EXT
  Record format DELIMITED BY NEWLINE
  Data in file has same endianness as the platform
  Rows with all null fields are accepted

  Fields in Data Source: 

    CARGA_MINIMA                    CHAR (255)
      Terminated by "#"
      Trim whitespace from left and right
    CARGA_MAXIMA                    CHAR (255)
      Terminated by "#"
      Trim whitespace from left and right
    CANTIDAD                        CHAR (255)
      Terminated by "#"
      Trim whitespace from left and right


 LOG file opened at 06/25/20 15:55:08

Total Number of Files=1

Data File: tabla_pago_ext.csv

Log File: tabla_pago_ext.log



 LOG file opened at 06/25/20 15:55:08

Bad File: tabla_pago_ext_bad.log

Field Definitions for table TABLA_PAGO_EXT
  Record format DELIMITED BY NEWLINE
  Data in file has same endianness as the platform
  Rows with all null fields are accepted

  Fields in Data Source: 

    CARGA_MINIMA                    CHAR (255)
      Terminated by "#"
      Trim whitespace from left and right
    CARGA_MAXIMA                    CHAR (255)
      Terminated by "#"
      Trim whitespace from left and right
    CANTIDAD                        CHAR (255)
      Terminated by "#"
      Trim whitespace from left and right


 LOG file opened at 06/25/20 15:57:37

Total Number of Files=1

Data File: tabla_pago_ext.csv

Log File: tabla_pago_ext.log



 LOG file opened at 06/25/20 15:57:37

Bad File: tabla_pago_ext_bad.log

Field Definitions for table TABLA_PAGO_EXT
  Record format DELIMITED BY NEWLINE
  Data in file has same endianness as the platform
  Rows with all null fields are accepted

  Fields in Data Source: 

    CARGA_MINIMA                    CHAR (255)
      Terminated by "#"
      Trim whitespace from left and right
    CARGA_MAXIMA                    CHAR (255)
      Terminated by "#"
      Trim whitespace from left and right
    CANTIDAD                        CHAR (255)
      Terminated by "#"
      Trim whitespace from left and right


 LOG file opened at 06/25/20 15:57:38

Total Number of Files=1

Data File: tabla_pago_ext.csv

Log File: tabla_pago_ext.log



 LOG file opened at 06/25/20 15:57:38

Bad File: tabla_pago_ext_bad.log

Field Definitions for table TABLA_PAGO_EXT
  Record format DELIMITED BY NEWLINE
  Data in file has same endianness as the platform
  Rows with all null fields are accepted

  Fields in Data Source: 

    CARGA_MINIMA                    CHAR (255)
      Terminated by "#"
      Trim whitespace from left and right
    CARGA_MAXIMA                    CHAR (255)
      Terminated by "#"
      Trim whitespace from left and right
    CANTIDAD                        CHAR (255)
      Terminated by "#"
      Trim whitespace from left and right


 LOG file opened at 06/25/20 15:57:44

Total Number of Files=1

Data File: tabla_pago_ext.csv

Log File: tabla_pago_ext.log



 LOG file opened at 06/25/20 15:57:44

Bad File: tabla_pago_ext_bad.log

Field Definitions for table TABLA_PAGO_EXT
  Record format DELIMITED BY NEWLINE
  Data in file has same endianness as the platform
  Rows with all null fields are accepted

  Fields in Data Source: 

    CARGA_MINIMA                    CHAR (255)
      Terminated by "#"
      Trim whitespace from left and right
    CARGA_MAXIMA                    CHAR (255)
      Terminated by "#"
      Trim whitespace from left and right
    CANTIDAD                        CHAR (255)
      Terminated by "#"
      Trim whitespace from left and right


 LOG file opened at 06/25/20 15:57:44

Total Number of Files=1

Data File: tabla_pago_ext.csv

Log File: tabla_pago_ext.log



 LOG file opened at 06/25/20 15:57:44

Bad File: tabla_pago_ext_bad.log

Field Definitions for table TABLA_PAGO_EXT
  Record format DELIMITED BY NEWLINE
  Data in file has same endianness as the platform
  Rows with all null fields are accepted

  Fields in Data Source: 

    CARGA_MINIMA                    CHAR (255)
      Terminated by "#"
      Trim whitespace from left and right
    CARGA_MAXIMA                    CHAR (255)
      Terminated by "#"
      Trim whitespace from left and right
    CANTIDAD                        CHAR (255)
      Terminated by "#"
      Trim whitespace from left and right


 LOG file opened at 06/25/20 16:04:48

Total Number of Files=1

Data File: tabla_pago_ext.csv

Log File: tabla_pago_ext.log



 LOG file opened at 06/25/20 16:04:48

Bad File: tabla_pago_ext_bad.log

Field Definitions for table TABLA_PAGO_EXT
  Record format DELIMITED BY NEWLINE
  Data in file has same endianness as the platform
  Rows with all null fields are accepted

  Fields in Data Source: 

    CARGA_MINIMA                    CHAR (255)
      Terminated by "#"
      Trim whitespace from left and right
    CARGA_MAXIMA                    CHAR (255)
      Terminated by "#"
      Trim whitespace from left and right
    CANTIDAD                        CHAR (255)
      Terminated by "#"
      Trim whitespace from left and right


 LOG file opened at 06/25/20 16:04:48

Total Number of Files=1

Data File: tabla_pago_ext.csv

Log File: tabla_pago_ext.log



 LOG file opened at 06/25/20 16:04:48

Bad File: tabla_pago_ext_bad.log

Field Definitions for table TABLA_PAGO_EXT
  Record format DELIMITED BY NEWLINE
  Data in file has same endianness as the platform
  Rows with all null fields are accepted

  Fields in Data Source: 

    CARGA_MINIMA                    CHAR (255)
      Terminated by "#"
      Trim whitespace from left and right
    CARGA_MAXIMA                    CHAR (255)
      Terminated by "#"
      Trim whitespace from left and right
    CANTIDAD                        CHAR (255)
      Terminated by "#"
      Trim whitespace from left and right


 LOG file opened at 06/25/20 16:39:37

Total Number of Files=1

Data File: tabla_pago_ext.csv

Log File: tabla_pago_ext.log



 LOG file opened at 06/25/20 16:39:37

Bad File: tabla_pago_ext_bad.log

Field Definitions for table TABLA_PAGO_EXT
  Record format DELIMITED BY NEWLINE
  Data in file has same endianness as the platform
  Rows with all null fields are accepted

  Fields in Data Source: 

    CARGA_MINIMA                    CHAR (255)
      Terminated by "#"
      Trim whitespace from left and right
    CARGA_MAXIMA                    CHAR (255)
      Terminated by "#"
      Trim whitespace from left and right
    CANTIDAD                        CHAR (255)
      Terminated by "#"
      Trim whitespace from left and right


 LOG file opened at 06/25/20 16:39:37

Total Number of Files=1

Data File: tabla_pago_ext.csv

Log File: tabla_pago_ext.log



 LOG file opened at 06/25/20 16:39:37

Bad File: tabla_pago_ext_bad.log

Field Definitions for table TABLA_PAGO_EXT
  Record format DELIMITED BY NEWLINE
  Data in file has same endianness as the platform
  Rows with all null fields are accepted

  Fields in Data Source: 

    CARGA_MINIMA                    CHAR (255)
      Terminated by "#"
      Trim whitespace from left and right
    CARGA_MAXIMA                    CHAR (255)
      Terminated by "#"
      Trim whitespace from left and right
    CANTIDAD                        CHAR (255)
      Terminated by "#"
      Trim whitespace from left and right


 LOG file opened at 06/25/20 16:41:50

Total Number of Files=1

Data File: tabla_pago_ext.csv

Log File: tabla_pago_ext.log



 LOG file opened at 06/25/20 16:41:50

Bad File: tabla_pago_ext_bad.log

Field Definitions for table TABLA_PAGO_EXT
  Record format DELIMITED BY NEWLINE
  Data in file has same endianness as the platform
  Rows with all null fields are accepted

  Fields in Data Source: 

    CARGA_MINIMA                    CHAR (255)
      Terminated by "#"
      Trim whitespace from left and right
    CARGA_MAXIMA                    CHAR (255)
      Terminated by "#"
      Trim whitespace from left and right
    CANTIDAD                        CHAR (255)
      Terminated by "#"
      Trim whitespace from left and right


 LOG file opened at 06/25/20 16:41:50

Total Number of Files=1

Data File: tabla_pago_ext.csv

Log File: tabla_pago_ext.log



 LOG file opened at 06/25/20 16:41:50

Bad File: tabla_pago_ext_bad.log

Field Definitions for table TABLA_PAGO_EXT
  Record format DELIMITED BY NEWLINE
  Data in file has same endianness as the platform
  Rows with all null fields are accepted

  Fields in Data Source: 

    CARGA_MINIMA                    CHAR (255)
      Terminated by "#"
      Trim whitespace from left and right
    CARGA_MAXIMA                    CHAR (255)
      Terminated by "#"
      Trim whitespace from left and right
    CANTIDAD                        CHAR (255)
      Terminated by "#"
      Trim whitespace from left and right


 LOG file opened at 06/25/20 16:42:11

Total Number of Files=1

Data File: tabla_pago_ext.csv

Log File: tabla_pago_ext.log



 LOG file opened at 06/25/20 16:42:11

Bad File: tabla_pago_ext_bad.log

Field Definitions for table TABLA_PAGO_EXT
  Record format DELIMITED BY NEWLINE
  Data in file has same endianness as the platform
  Rows with all null fields are accepted

  Fields in Data Source: 

    CARGA_MINIMA                    CHAR (255)
      Terminated by "#"
      Trim whitespace from left and right
    CARGA_MAXIMA                    CHAR (255)
      Terminated by "#"
      Trim whitespace from left and right
    CANTIDAD                        CHAR (255)
      Terminated by "#"
      Trim whitespace from left and right


 LOG file opened at 06/25/20 16:42:11

Total Number of Files=1

Data File: tabla_pago_ext.csv

Log File: tabla_pago_ext.log



 LOG file opened at 06/25/20 16:42:11

Bad File: tabla_pago_ext_bad.log

Field Definitions for table TABLA_PAGO_EXT
  Record format DELIMITED BY NEWLINE
  Data in file has same endianness as the platform
  Rows with all null fields are accepted

  Fields in Data Source: 

    CARGA_MINIMA                    CHAR (255)
      Terminated by "#"
      Trim whitespace from left and right
    CARGA_MAXIMA                    CHAR (255)
      Terminated by "#"
      Trim whitespace from left and right
    CANTIDAD                        CHAR (255)
      Terminated by "#"
      Trim whitespace from left and right


 LOG file opened at 06/25/20 16:46:11

Total Number of Files=1

Data File: tabla_pago_ext.csv

Log File: tabla_pago_ext.log



 LOG file opened at 06/25/20 16:46:11

Bad File: tabla_pago_ext_bad.log

Field Definitions for table TABLA_PAGO_EXT
  Record format DELIMITED BY NEWLINE
  Data in file has same endianness as the platform
  Rows with all null fields are accepted

  Fields in Data Source: 

    CARGA_MINIMA                    CHAR (255)
      Terminated by "#"
      Trim whitespace from left and right
    CARGA_MAXIMA                    CHAR (255)
      Terminated by "#"
      Trim whitespace from left and right
    CANTIDAD                        CHAR (255)
      Terminated by "#"
      Trim whitespace from left and right


 LOG file opened at 06/25/20 16:46:11

Total Number of Files=1

Data File: tabla_pago_ext.csv

Log File: tabla_pago_ext.log



 LOG file opened at 06/25/20 16:46:11

Bad File: tabla_pago_ext_bad.log

Field Definitions for table TABLA_PAGO_EXT
  Record format DELIMITED BY NEWLINE
  Data in file has same endianness as the platform
  Rows with all null fields are accepted

  Fields in Data Source: 

    CARGA_MINIMA                    CHAR (255)
      Terminated by "#"
      Trim whitespace from left and right
    CARGA_MAXIMA                    CHAR (255)
      Terminated by "#"
      Trim whitespace from left and right
    CANTIDAD                        CHAR (255)
      Terminated by "#"
      Trim whitespace from left and right


 LOG file opened at 06/25/20 16:46:53

Total Number of Files=1

Data File: tabla_pago_ext.csv

Log File: tabla_pago_ext.log



 LOG file opened at 06/25/20 16:46:53

Bad File: tabla_pago_ext_bad.log

Field Definitions for table TABLA_PAGO_EXT
  Record format DELIMITED BY NEWLINE
  Data in file has same endianness as the platform
  Rows with all null fields are accepted

  Fields in Data Source: 

    CARGA_MINIMA                    CHAR (255)
      Terminated by "#"
      Trim whitespace from left and right
    CARGA_MAXIMA                    CHAR (255)
      Terminated by "#"
      Trim whitespace from left and right
    CANTIDAD                        CHAR (255)
      Terminated by "#"
      Trim whitespace from left and right


 LOG file opened at 06/25/20 16:46:53

Total Number of Files=1

Data File: tabla_pago_ext.csv

Log File: tabla_pago_ext.log



 LOG file opened at 06/25/20 16:46:53

Bad File: tabla_pago_ext_bad.log

Field Definitions for table TABLA_PAGO_EXT
  Record format DELIMITED BY NEWLINE
  Data in file has same endianness as the platform
  Rows with all null fields are accepted

  Fields in Data Source: 

    CARGA_MINIMA                    CHAR (255)
      Terminated by "#"
      Trim whitespace from left and right
    CARGA_MAXIMA                    CHAR (255)
      Terminated by "#"
      Trim whitespace from left and right
    CANTIDAD                        CHAR (255)
      Terminated by "#"
      Trim whitespace from left and right


 LOG file opened at 06/25/20 16:50:22

Total Number of Files=1

Data File: tabla_pago_ext.csv

Log File: tabla_pago_ext.log



 LOG file opened at 06/25/20 16:50:22

Bad File: tabla_pago_ext_bad.log

Field Definitions for table TABLA_PAGO_EXT
  Record format DELIMITED BY NEWLINE
  Data in file has same endianness as the platform
  Rows with all null fields are accepted

  Fields in Data Source: 

    CARGA_MINIMA                    CHAR (255)
      Terminated by "#"
      Trim whitespace from left and right
    CARGA_MAXIMA                    CHAR (255)
      Terminated by "#"
      Trim whitespace from left and right
    CANTIDAD                        CHAR (255)
      Terminated by "#"
      Trim whitespace from left and right


 LOG file opened at 06/25/20 16:50:22

Total Number of Files=1

Data File: tabla_pago_ext.csv

Log File: tabla_pago_ext.log



 LOG file opened at 06/25/20 16:50:22

Bad File: tabla_pago_ext_bad.log

Field Definitions for table TABLA_PAGO_EXT
  Record format DELIMITED BY NEWLINE
  Data in file has same endianness as the platform
  Rows with all null fields are accepted

  Fields in Data Source: 

    CARGA_MINIMA                    CHAR (255)
      Terminated by "#"
      Trim whitespace from left and right
    CARGA_MAXIMA                    CHAR (255)
      Terminated by "#"
      Trim whitespace from left and right
    CANTIDAD                        CHAR (255)
      Terminated by "#"
      Trim whitespace from left and right


 LOG file opened at 06/25/20 16:51:14

Total Number of Files=1

Data File: tabla_pago_ext.csv

Log File: tabla_pago_ext.log



 LOG file opened at 06/25/20 16:51:14

Bad File: tabla_pago_ext_bad.log

Field Definitions for table TABLA_PAGO_EXT
  Record format DELIMITED BY NEWLINE
  Data in file has same endianness as the platform
  Rows with all null fields are accepted

  Fields in Data Source: 

    CARGA_MINIMA                    CHAR (255)
      Terminated by "#"
      Trim whitespace from left and right
    CARGA_MAXIMA                    CHAR (255)
      Terminated by "#"
      Trim whitespace from left and right
    CANTIDAD                        CHAR (255)
      Terminated by "#"
      Trim whitespace from left and right


 LOG file opened at 06/25/20 16:51:14

Total Number of Files=1

Data File: tabla_pago_ext.csv

Log File: tabla_pago_ext.log



 LOG file opened at 06/25/20 16:51:14

Bad File: tabla_pago_ext_bad.log

Field Definitions for table TABLA_PAGO_EXT
  Record format DELIMITED BY NEWLINE
  Data in file has same endianness as the platform
  Rows with all null fields are accepted

  Fields in Data Source: 

    CARGA_MINIMA                    CHAR (255)
      Terminated by "#"
      Trim whitespace from left and right
    CARGA_MAXIMA                    CHAR (255)
      Terminated by "#"
      Trim whitespace from left and right
    CANTIDAD                        CHAR (255)
      Terminated by "#"
      Trim whitespace from left and right


 LOG file opened at 06/25/20 16:54:25

Total Number of Files=1

Data File: tabla_pago_ext.csv

Log File: tabla_pago_ext.log



 LOG file opened at 06/25/20 16:54:25

Bad File: tabla_pago_ext_bad.log

Field Definitions for table TABLA_PAGO_EXT
  Record format DELIMITED BY NEWLINE
  Data in file has same endianness as the platform
  Rows with all null fields are accepted

  Fields in Data Source: 

    CARGA_MINIMA                    CHAR (255)
      Terminated by "#"
      Trim whitespace from left and right
    CARGA_MAXIMA                    CHAR (255)
      Terminated by "#"
      Trim whitespace from left and right
    CANTIDAD                        CHAR (255)
      Terminated by "#"
      Trim whitespace from left and right


 LOG file opened at 06/25/20 16:54:25

Total Number of Files=1

Data File: tabla_pago_ext.csv

Log File: tabla_pago_ext.log



 LOG file opened at 06/25/20 16:54:25

Bad File: tabla_pago_ext_bad.log

Field Definitions for table TABLA_PAGO_EXT
  Record format DELIMITED BY NEWLINE
  Data in file has same endianness as the platform
  Rows with all null fields are accepted

  Fields in Data Source: 

    CARGA_MINIMA                    CHAR (255)
      Terminated by "#"
      Trim whitespace from left and right
    CARGA_MAXIMA                    CHAR (255)
      Terminated by "#"
      Trim whitespace from left and right
    CANTIDAD                        CHAR (255)
      Terminated by "#"
      Trim whitespace from left and right


 LOG file opened at 06/25/20 16:54:32

Total Number of Files=1

Data File: tabla_pago_ext.csv

Log File: tabla_pago_ext.log



 LOG file opened at 06/25/20 16:54:32

Bad File: tabla_pago_ext_bad.log

Field Definitions for table TABLA_PAGO_EXT
  Record format DELIMITED BY NEWLINE
  Data in file has same endianness as the platform
  Rows with all null fields are accepted

  Fields in Data Source: 

    CARGA_MINIMA                    CHAR (255)
      Terminated by "#"
      Trim whitespace from left and right
    CARGA_MAXIMA                    CHAR (255)
      Terminated by "#"
      Trim whitespace from left and right
    CANTIDAD                        CHAR (255)
      Terminated by "#"
      Trim whitespace from left and right


 LOG file opened at 06/25/20 16:54:32

Total Number of Files=1

Data File: tabla_pago_ext.csv

Log File: tabla_pago_ext.log



 LOG file opened at 06/25/20 16:54:32

Bad File: tabla_pago_ext_bad.log

Field Definitions for table TABLA_PAGO_EXT
  Record format DELIMITED BY NEWLINE
  Data in file has same endianness as the platform
  Rows with all null fields are accepted

  Fields in Data Source: 

    CARGA_MINIMA                    CHAR (255)
      Terminated by "#"
      Trim whitespace from left and right
    CARGA_MAXIMA                    CHAR (255)
      Terminated by "#"
      Trim whitespace from left and right
    CANTIDAD                        CHAR (255)
      Terminated by "#"
      Trim whitespace from left and right


 LOG file opened at 06/25/20 19:09:45

Total Number of Files=1

Data File: tabla_pago_ext.csv

Log File: tabla_pago_ext.log



 LOG file opened at 06/25/20 19:09:45

Bad File: tabla_pago_ext_bad.log

Field Definitions for table TABLA_PAGO_EXT
  Record format DELIMITED BY NEWLINE
  Data in file has same endianness as the platform
  Rows with all null fields are accepted

  Fields in Data Source: 

    CARGA_MINIMA                    CHAR (255)
      Terminated by "#"
      Trim whitespace from left and right
    CARGA_MAXIMA                    CHAR (255)
      Terminated by "#"
      Trim whitespace from left and right
    CANTIDAD                        CHAR (255)
      Terminated by "#"
      Trim whitespace from left and right


 LOG file opened at 06/25/20 19:09:45

Total Number of Files=1

Data File: tabla_pago_ext.csv

Log File: tabla_pago_ext.log



 LOG file opened at 06/25/20 19:09:45

Bad File: tabla_pago_ext_bad.log

Field Definitions for table TABLA_PAGO_EXT
  Record format DELIMITED BY NEWLINE
  Data in file has same endianness as the platform
  Rows with all null fields are accepted

  Fields in Data Source: 

    CARGA_MINIMA                    CHAR (255)
      Terminated by "#"
      Trim whitespace from left and right
    CARGA_MAXIMA                    CHAR (255)
      Terminated by "#"
      Trim whitespace from left and right
    CANTIDAD                        CHAR (255)
      Terminated by "#"
      Trim whitespace from left and right


 LOG file opened at 06/25/20 19:09:53

Total Number of Files=1

Data File: tabla_pago_ext.csv

Log File: tabla_pago_ext.log



 LOG file opened at 06/25/20 19:09:53

Bad File: tabla_pago_ext_bad.log

Field Definitions for table TABLA_PAGO_EXT
  Record format DELIMITED BY NEWLINE
  Data in file has same endianness as the platform
  Rows with all null fields are accepted

  Fields in Data Source: 

    CARGA_MINIMA                    CHAR (255)
      Terminated by "#"
      Trim whitespace from left and right
    CARGA_MAXIMA                    CHAR (255)
      Terminated by "#"
      Trim whitespace from left and right
    CANTIDAD                        CHAR (255)
      Terminated by "#"
      Trim whitespace from left and right


 LOG file opened at 06/25/20 19:09:53

Total Number of Files=1

Data File: tabla_pago_ext.csv

Log File: tabla_pago_ext.log



 LOG file opened at 06/25/20 19:09:53

Bad File: tabla_pago_ext_bad.log

Field Definitions for table TABLA_PAGO_EXT
  Record format DELIMITED BY NEWLINE
  Data in file has same endianness as the platform
  Rows with all null fields are accepted

  Fields in Data Source: 

    CARGA_MINIMA                    CHAR (255)
      Terminated by "#"
      Trim whitespace from left and right
    CARGA_MAXIMA                    CHAR (255)
      Terminated by "#"
      Trim whitespace from left and right
    CANTIDAD                        CHAR (255)
      Terminated by "#"
      Trim whitespace from left and right


 LOG file opened at 06/25/20 19:12:04

Total Number of Files=1

Data File: tabla_pago_ext.csv

Log File: tabla_pago_ext.log



 LOG file opened at 06/25/20 19:12:04

Bad File: tabla_pago_ext_bad.log

Field Definitions for table TABLA_PAGO_EXT
  Record format DELIMITED BY NEWLINE
  Data in file has same endianness as the platform
  Rows with all null fields are accepted

  Fields in Data Source: 

    CARGA_MINIMA                    CHAR (255)
      Terminated by "#"
      Trim whitespace from left and right
    CARGA_MAXIMA                    CHAR (255)
      Terminated by "#"
      Trim whitespace from left and right
    CANTIDAD                        CHAR (255)
      Terminated by "#"
      Trim whitespace from left and right


 LOG file opened at 06/25/20 19:12:04

Total Number of Files=1

Data File: tabla_pago_ext.csv

Log File: tabla_pago_ext.log



 LOG file opened at 06/25/20 19:12:04

Bad File: tabla_pago_ext_bad.log

Field Definitions for table TABLA_PAGO_EXT
  Record format DELIMITED BY NEWLINE
  Data in file has same endianness as the platform
  Rows with all null fields are accepted

  Fields in Data Source: 

    CARGA_MINIMA                    CHAR (255)
      Terminated by "#"
      Trim whitespace from left and right
    CARGA_MAXIMA                    CHAR (255)
      Terminated by "#"
      Trim whitespace from left and right
    CANTIDAD                        CHAR (255)
      Terminated by "#"
      Trim whitespace from left and right


 LOG file opened at 06/25/20 19:12:11

Total Number of Files=1

Data File: tabla_pago_ext.csv

Log File: tabla_pago_ext.log



 LOG file opened at 06/25/20 19:12:11

Bad File: tabla_pago_ext_bad.log

Field Definitions for table TABLA_PAGO_EXT
  Record format DELIMITED BY NEWLINE
  Data in file has same endianness as the platform
  Rows with all null fields are accepted

  Fields in Data Source: 

    CARGA_MINIMA                    CHAR (255)
      Terminated by "#"
      Trim whitespace from left and right
    CARGA_MAXIMA                    CHAR (255)
      Terminated by "#"
      Trim whitespace from left and right
    CANTIDAD                        CHAR (255)
      Terminated by "#"
      Trim whitespace from left and right


 LOG file opened at 06/25/20 19:12:11

Total Number of Files=1

Data File: tabla_pago_ext.csv

Log File: tabla_pago_ext.log



 LOG file opened at 06/25/20 19:12:11

Bad File: tabla_pago_ext_bad.log

Field Definitions for table TABLA_PAGO_EXT
  Record format DELIMITED BY NEWLINE
  Data in file has same endianness as the platform
  Rows with all null fields are accepted

  Fields in Data Source: 

    CARGA_MINIMA                    CHAR (255)
      Terminated by "#"
      Trim whitespace from left and right
    CARGA_MAXIMA                    CHAR (255)
      Terminated by "#"
      Trim whitespace from left and right
    CANTIDAD                        CHAR (255)
      Terminated by "#"
      Trim whitespace from left and right
